<?xml version="1.0" encoding="UTF-8"?>
<Site BuildName="Win32-mingw32-make"
	BuildStamp="20211204-0044-Experimental"
	Name="Cosmos"
	Generator="ctest-3.20.1"
	CompilerName="D:/MinGW/mingw64/bin/x86_64-w64-mingw32-g++.exe"
	CompilerVersion="8.1.0"
	OSName="Windows"
	Hostname="Cosmos"
	OSRelease=" Personal"
	OSVersion=" (Build 19042)"
	OSPlatform="AMD64"
	Is64Bits="1"
	VendorString="GenuineIntel"
	VendorID="Intel Corporation"
	FamilyID="6"
	ModelID="10"
	ProcessorCacheSize="-1"
	NumberOfLogicalCPU="8"
	NumberOfPhysicalCPU="4"
	TotalVirtualMemory="37519"
	TotalPhysicalMemory="22519"
	LogicalProcessorsPerPhysical="2"
	ProcessorClockFrequency="2672"
	>
	<Testing>
		<StartDateTime>Dec 04 01:56 V[NON-UTF-8-BYTE-0xE4]steuropa, normaltid</StartDateTime>
		<StartTestTime>1638579373</StartTestTime>
		<TestList>
			<Test>./TestInstantiator</Test>
		</TestList>
		<Test Status="passed">
			<Name>TestInstantiator</Name>
			<Path>.</Path>
			<FullName>./TestInstantiator</FullName>
			<FullCommandLine>F:\Programmering\CGraphics\build\TestInstantiator.exe</FullCommandLine>
			<Results>
				<NamedMeasurement type="numeric/double" name="Execution Time">
					<Value>0.0401197</Value>
				</NamedMeasurement>
				<NamedMeasurement type="numeric/double" name="Processors">
					<Value>1</Value>
				</NamedMeasurement>
				<NamedMeasurement type="text/string" name="Completion Status">
					<Value>Completed</Value>
				</NamedMeasurement>
				<NamedMeasurement type="text/string" name="Command Line">
					<Value>F:\Programmering\CGraphics\build\TestInstantiator.exe</Value>
				</NamedMeasurement>
				<NamedMeasurement type="text/string" name="Environment">
					<Value>#CTEST_RESOURCE_GROUP_COUNT=</Value>
				</NamedMeasurement>
				<Measurement>
					<Value>This is a test
</Value>
				</Measurement>
			</Results>
		</Test>
		<EndDateTime>Dec 04 01:56 V[NON-UTF-8-BYTE-0xE4]steuropa, normaltid</EndDateTime>
		<EndTestTime>1638579373</EndTestTime>
		<ElapsedMinutes>0</ElapsedMinutes>
	</Testing>
</Site>
